0 info it worked if it ends with ok
1 verbose cli [ '/usr/local/Cellar/node/4.1.2/bin/node',
1 verbose cli   '/usr/local/bin/npm',
1 verbose cli   'install',
1 verbose cli   'gruntfile.js' ]
2 info using npm@2.14.6
3 info using node@v4.1.2
4 verbose install initial load of /Users/sdmariephoto/Sites/local.zandeslabs.com/package.json
5 verbose installManyTop reading scoped package data from /Users/sdmariephoto/Sites/local.zandeslabs.com/node_modules/package.json/package.json
6 info package.json package.json@0.0.0 No repository field.
7 info package.json package.json@0.0.0 No README data
8 info package.json package.json@0.0.0 license should be a valid SPDX license expression
9 verbose readDependencies loading dependencies from /Users/sdmariephoto/Sites/local.zandeslabs.com/package.json
10 silly cache add args [ 'gruntfile.js', null ]
11 verbose cache add spec gruntfile.js
12 silly cache add parsed spec Result {
12 silly cache add   raw: 'gruntfile.js',
12 silly cache add   scope: null,
12 silly cache add   name: 'gruntfile.js',
12 silly cache add   rawSpec: '',
12 silly cache add   spec: '*',
12 silly cache add   type: 'range' }
13 silly addNamed gruntfile.js@*
14 verbose addNamed "*" is a valid semver range for gruntfile.js
15 silly addNameRange { name: 'gruntfile.js', range: '*', hasData: false }
16 silly mapToRegistry name gruntfile.js
17 silly mapToRegistry using default registry
18 silly mapToRegistry registry https://registry.npmjs.org/
19 silly mapToRegistry uri https://registry.npmjs.org/gruntfile.js
20 verbose addNameRange registry:https://registry.npmjs.org/gruntfile.js not in flight; fetching
21 verbose request uri https://registry.npmjs.org/gruntfile.js
22 verbose request no auth needed
23 info attempt registry request try #1 at 10:07:35 PM
24 verbose request id 4bbf2335f79bad74
25 http request GET https://registry.npmjs.org/gruntfile.js
26 http 404 https://registry.npmjs.org/gruntfile.js
27 verbose headers { 'content-type': 'application/json',
27 verbose headers   'cache-control': 'max-age=0',
27 verbose headers   'content-length': '2',
27 verbose headers   'accept-ranges': 'bytes',
27 verbose headers   date: 'Mon, 12 Oct 2015 05:07:36 GMT',
27 verbose headers   via: '1.1 varnish',
27 verbose headers   age: '0',
27 verbose headers   connection: 'keep-alive',
27 verbose headers   'x-served-by': 'cache-sjc3133-SJC',
27 verbose headers   'x-cache': 'MISS',
27 verbose headers   'x-cache-hits': '0',
27 verbose headers   'x-timer': 'S1444626456.462244,VS0,VE42' }
28 silly get cb [ 404,
28 silly get   { 'content-type': 'application/json',
28 silly get     'cache-control': 'max-age=0',
28 silly get     'content-length': '2',
28 silly get     'accept-ranges': 'bytes',
28 silly get     date: 'Mon, 12 Oct 2015 05:07:36 GMT',
28 silly get     via: '1.1 varnish',
28 silly get     age: '0',
28 silly get     connection: 'keep-alive',
28 silly get     'x-served-by': 'cache-sjc3133-SJC',
28 silly get     'x-cache': 'MISS',
28 silly get     'x-cache-hits': '0',
28 silly get     'x-timer': 'S1444626456.462244,VS0,VE42' } ]
29 verbose stack Error: Registry returned 404 for GET on https://registry.npmjs.org/gruntfile.js
29 verbose stack     at makeError (/usr/local/lib/node_modules/npm/node_modules/npm-registry-client/lib/request.js:264:12)
29 verbose stack     at CachingRegistryClient.<anonymous> (/usr/local/lib/node_modules/npm/node_modules/npm-registry-client/lib/request.js:242:14)
29 verbose stack     at Request._callback (/usr/local/lib/node_modules/npm/node_modules/npm-registry-client/lib/request.js:172:14)
29 verbose stack     at Request.self.callback (/usr/local/lib/node_modules/npm/node_modules/request/request.js:198:22)
29 verbose stack     at emitTwo (events.js:87:13)
29 verbose stack     at Request.emit (events.js:172:7)
29 verbose stack     at Request.<anonymous> (/usr/local/lib/node_modules/npm/node_modules/request/request.js:1063:14)
29 verbose stack     at emitOne (events.js:82:20)
29 verbose stack     at Request.emit (events.js:169:7)
29 verbose stack     at IncomingMessage.<anonymous> (/usr/local/lib/node_modules/npm/node_modules/request/request.js:1009:12)
30 verbose statusCode 404
31 verbose pkgid gruntfile.js
32 verbose cwd /Users/sdmariephoto/Sites/local.zandeslabs.com
33 error Darwin 14.5.0
34 error argv "/usr/local/Cellar/node/4.1.2/bin/node" "/usr/local/bin/npm" "install" "gruntfile.js"
35 error node v4.1.2
36 error npm  v2.14.6
37 error code E404
38 error 404 Registry returned 404 for GET on https://registry.npmjs.org/gruntfile.js
38 error 404
38 error 404 'gruntfile.js' is not in the npm registry.
38 error 404 You should bug the author to publish it (or use the name yourself!)
38 error 404
38 error 404 Note that you can also install from a
38 error 404 tarball, folder, http url, or git url.
39 verbose exit [ 1, true ]
